[20:59:33] [ServerMain/INFO]: Environment: authHost='https://authserver.mojang.com', accountsHost='https://api.mojang.com', sessionHost='https://sessionserver.mojang.com', servicesHost='https://api.minecraftservices.com', name='PROD'
[20:59:36] [ServerMain/INFO]: Loaded 7 recipes
[20:59:37] [ServerMain/INFO]: Loaded 1179 advancements
[20:59:38] [Server thread/INFO]: Starting minecraft server version 1.19.4
[20:59:38] [Server thread/INFO]: Loading properties
[20:59:38] [Server thread/INFO]: Default game type: SURVIVAL
[20:59:38] [Server thread/INFO]: Generating keypair
[20:59:38] [Server thread/INFO]: Starting Minecraft server on *:25565
[20:59:38] [Server thread/INFO]: Using epoll channel type
[20:59:38] [Server thread/INFO]: Preparing level "world"
[20:59:47] [Server thread/INFO]: Preparing start region for dimension minecraft:overworld
[20:59:52] [Worker-Main-1/INFO]: Preparing spawn area: 0%
[20:59:52] [Worker-Main-1/INFO]: Preparing spawn area: 0%
[20:59:52] [Worker-Main-1/INFO]: Preparing spawn area: 0%
[20:59:52] [Worker-Main-1/INFO]: Preparing spawn area: 0%
[20:59:52] [Worker-Main-1/INFO]: Preparing spawn area: 0%
[20:59:52] [Worker-Main-1/INFO]: Preparing spawn area: 0%
[20:59:52] [Worker-Main-1/INFO]: Preparing spawn area: 0%
[20:59:52] [Worker-Main-1/INFO]: Preparing spawn area: 0%
[20:59:52] [Worker-Main-1/INFO]: Preparing spawn area: 0%
[20:59:52] [Worker-Main-1/INFO]: Preparing spawn area: 0%
[20:59:52] [Worker-Main-1/INFO]: Preparing spawn area: 0%
[20:59:52] [Worker-Main-1/INFO]: Preparing spawn area: 0%
[20:59:53] [Worker-Main-1/INFO]: Preparing spawn area: 0%
[20:59:53] [Worker-Main-1/INFO]: Preparing spawn area: 0%
[20:59:54] [Worker-Main-1/INFO]: Preparing spawn area: 0%
[20:59:54] [Worker-Main-1/INFO]: Preparing spawn area: 0%
[20:59:55] [Worker-Main-1/INFO]: Preparing spawn area: 0%
[20:59:55] [Worker-Main-1/INFO]: Preparing spawn area: 0%
[20:59:56] [Worker-Main-1/INFO]: Preparing spawn area: 0%
[20:59:56] [Worker-Main-1/INFO]: Preparing spawn area: 0%
[20:59:57] [Worker-Main-1/INFO]: Preparing spawn area: 0%
[20:59:57] [Worker-Main-1/INFO]: Preparing spawn area: 0%
[20:59:58] [Worker-Main-1/INFO]: Preparing spawn area: 0%
[20:59:58] [Worker-Main-1/INFO]: Preparing spawn area: 0%
[20:59:59] [Worker-Main-1/INFO]: Preparing spawn area: 29%
[20:59:59] [Worker-Main-1/INFO]: Preparing spawn area: 72%
[21:00:00] [Server thread/INFO]: Time elapsed: 13099 ms
[21:00:00] [Server thread/INFO]: Done (21.655s)! For help, type "help"
[21:00:01] [User Authenticator #1/INFO]: UUID of player Velcori is bc6dd262-aff0-401a-922f-013d530de9d9
[21:00:01] [Server thread/INFO]: Velcori[/[0:0:0:0:0:0:0:1%0]:55550] logged in with entity id 122 at (-19.30212085065045, 91.03240865881202, -212.53682183149718)
[21:00:01] [Server thread/INFO]: Velcori joined the game
[21:00:03] [Server thread/WARN]: Can't keep up! Is the server overloaded? Running 2035ms or 40 ticks behind
[21:00:03] [User Authenticator #2/INFO]: UUID of player ChaosKamii is 4b413ba5-2e05-45fe-bfdb-1bfde83a12a4
[21:00:03] [Server thread/INFO]: ChaosKamii[/[0:0:0:0:0:0:0:1%0]:55602] logged in with entity id 185 at (-23.172632636469498, 92.0, -219.69385201932107)
[21:00:03] [Server thread/INFO]: ChaosKamii joined the game
[21:00:29] [Server thread/INFO]: ChaosKamii has made the advancement [Isn't It Iron Pick]
[21:00:29] [Server thread/INFO]: [Velcori: Gave 1 [Iron Pickaxe] to ChaosKamii]
[21:00:43] [Server thread/INFO]: Velcori lost connection: Disconnected
[21:00:43] [Server thread/INFO]: Velcori left the game
[21:03:36] [User Authenticator #3/INFO]: UUID of player Ncessity is f194d2df-f355-4664-8792-1ce1b54b8aeb
[21:03:36] [Server thread/INFO]: Ncessity[/[0:0:0:0:0:0:0:1%0]:53698] logged in with entity id 707 at (49.7553811864929, 65.0, 55.97058198337069)
[21:03:36] [Server thread/INFO]: Ncessity joined the game
[21:04:07] [Server thread/INFO]: ChaosKamii has made the advancement [Monster Hunter]
[21:04:43] [Server thread/INFO]: Ncessity was slain by Zombie
[21:11:40] [Server thread/INFO]: ChaosKamii has made the advancement [Acquire Hardware]
[21:11:43] [Server thread/INFO]: <Ncessity> hello
[21:11:48] [Server thread/INFO]: <ChaosKamii> HI
[21:12:17] [Server thread/INFO]: ChaosKamii has made the advancement [Not Today, Thank You]
[21:12:40] [Server thread/INFO]: ChaosKamii has made the advancement [Suit Up]
[21:13:05] [Server thread/INFO]: Ncessity was shot by Skeleton
[21:13:16] [Server thread/INFO]: <ChaosKamii> do you want some stuff
[21:13:24] [Server thread/INFO]: <Ncessity> si
[21:13:25] [Server thread/INFO]: <ChaosKamii> whatre your coords
[21:13:31] [Server thread/INFO]: <ChaosKamii> f3
[21:13:59] [Server thread/INFO]: <Ncessity> 65 65 42
[21:15:57] [Server thread/INFO]: Ncessity has made the advancement [Getting an Upgrade]
[21:19:51] [Server thread/INFO]: Ncessity has made the advancement [Stone Age]
[21:23:37] [Server thread/INFO]: ChaosKamii was doomed to fall by Skeleton
[21:24:39] [Server thread/INFO]: ChaosKamii was doomed to fall by Skeleton
[21:25:54] [Server thread/INFO]: ChaosKamii was doomed to fall by Creeper
[21:28:50] [Server thread/INFO]: Ncessity has made the advancement [Monster Hunter]
[21:30:32] [Server thread/INFO]: Ncessity fell from a high place
